<?xml version="1.0" encoding="UTF-8"?>
<!-- Generated by org.testng.reporters.JUnitXMLReporter -->
<testsuite ignored="0" hostname="LAPTOP-E8M4K11U" failures="0" tests="5" name="Default test" time="0.073" errors="0" timestamp="2022-08-01T18:59:48 IST">
  <testcase classname="test.day2" name="Apihomeloan" time="0.008"/>
  <testcase classname="test.day2" name="Mobilehomeloan" time="0.001"/>
  <testcase classname="test.day2" name="Webhomeloan" time="0.001"/>
  <testcase classname="test.day2" name="Webhomeloan" time="0.001"/>
  <testcase classname="test.day2" name="Webhomeloan" time="0.002"/>
</testsuite> <!-- Default test -->
