<?xml version="1.0" encoding="UTF-8"?>
<testng-results ignored="0" total="1" passed="1" failed="0" skipped="0">
  <reporter-output>
  </reporter-output>
  <suite started-at="2022-08-28T13:11:25 IST" name="Surefire suite" finished-at="2022-08-28T13:11:25 IST" duration-ms="42">
    <groups>
    </groups>
    <test started-at="2022-08-28T13:11:25 IST" name="Surefire test" finished-at="2022-08-28T13:11:25 IST" duration-ms="42">
      <class name="mavenproj.AppTest">
        <test-method signature="shouldAnswerWithTrue()" started-at="2022-08-28T13:11:25 IST" name="shouldAnswerWithTrue" finished-at="2022-08-28T13:11:25 IST" duration-ms="4" status="PASS">
          <reporter-output>
          </reporter-output>
        </test-method> <!-- shouldAnswerWithTrue -->
      </class> <!-- mavenproj.AppTest -->
    </test> <!-- Surefire test -->
  </suite> <!-- Surefire suite -->
</testng-results>
