<?xml version="1.0" encoding="UTF-8"?>
<testng-results ignored="0" total="3" passed="3" failed="0" skipped="0">
  <reporter-output>
  </reporter-output>
  <suite started-at="2022-08-04T18:42:36 IST" name="Surefire suite" finished-at="2022-08-04T18:42:36 IST" duration-ms="88">
    <groups>
    </groups>
    <test started-at="2022-08-04T18:42:36 IST" name="Surefire test" finished-at="2022-08-04T18:42:36 IST" duration-ms="88">
      <class name="Mavenproj.kiran.sellTest">
        <test-method signature="web()[pri:0, instance:Mavenproj.kiran.sellTest@43301423]" started-at="2022-08-04T18:42:36 IST" name="web" finished-at="2022-08-04T18:42:36 IST" duration-ms="1" status="PASS">
          <reporter-output>
          </reporter-output>
        </test-method> <!-- web -->
      </class> <!-- Mavenproj.kiran.sellTest -->
      <class name="Mavenproj.kiran.appiTest">
        <test-method signature="mobile()[pri:0, instance:Mavenproj.kiran.appiTest@56a6d5a6]" started-at="2022-08-04T18:42:36 IST" name="mobile" finished-at="2022-08-04T18:42:36 IST" duration-ms="10" status="PASS">
          <reporter-output>
          </reporter-output>
        </test-method> <!-- mobile -->
      </class> <!-- Mavenproj.kiran.appiTest -->
      <class name="Mavenproj.kiran.restTest">
        <test-method signature="api()[pri:0, instance:Mavenproj.kiran.restTest@3c9d0b9d]" started-at="2022-08-04T18:42:36 IST" name="api" finished-at="2022-08-04T18:42:36 IST" duration-ms="0" status="PASS">
          <reporter-output>
          </reporter-output>
        </test-method> <!-- api -->
      </class> <!-- Mavenproj.kiran.restTest -->
    </test> <!-- Surefire test -->
  </suite> <!-- Surefire suite -->
</testng-results>
