<?xml version="1.0" encoding="UTF-8"?>
<testng-results ignored="0" total="4" passed="4" failed="0" skipped="0">
  <reporter-output>
  </reporter-output>
  <suite started-at="2022-08-28T13:17:30 IST" name="Suite" finished-at="2022-08-28T13:17:42 IST" duration-ms="11659">
    <groups>
    </groups>
    <test started-at="2022-08-28T13:17:30 IST" name="Test" finished-at="2022-08-28T13:17:42 IST" duration-ms="11659">
      <class name="mavenproj.NavpageTest">
        <test-method signature="NavpageavailableTest()[pri:0, instance:mavenproj.NavpageTest@1d119efb]" started-at="2022-08-28T13:17:39 IST" name="NavpageavailableTest" finished-at="2022-08-28T13:17:42 IST" duration-ms="2827" status="PASS">
          <reporter-output>
          </reporter-output>
        </test-method> <!-- NavpageavailableTest -->
      </class> <!-- mavenproj.NavpageTest -->
      <class name="mavenproj.HomePage">
        <test-method signature="HomepageContent(java.lang.String,java.lang.String,java.lang.String)[pri:0, instance:mavenproj.HomePage@6fe7aac8]" started-at="2022-08-28T13:17:33 IST" name="HomepageContent" data-provider="getData" finished-at="2022-08-28T13:17:36 IST" duration-ms="2772" status="PASS">
          <params>
            <param index="0">
              <value>
                <![CDATA[kdkddk@kk.com]]>
              </value>
            </param>
            <param index="1">
              <value>
                <![CDATA[kdddkld]]>
              </value>
            </param>
            <param index="2">
              <value>
                <![CDATA[restricted]]>
              </value>
            </param>
          </params>
          <reporter-output>
          </reporter-output>
        </test-method> <!-- HomepageContent -->
        <test-method signature="HomepageContent(java.lang.String,java.lang.String,java.lang.String)[pri:0, instance:mavenproj.HomePage@6fe7aac8]" started-at="2022-08-28T13:17:36 IST" name="HomepageContent" data-provider="getData" finished-at="2022-08-28T13:17:39 IST" duration-ms="2665" status="PASS">
          <params>
            <param index="0">
              <value>
                <![CDATA[jkdxmw@lo.com]]>
              </value>
            </param>
            <param index="1">
              <value>
                <![CDATA[dmkcdmc]]>
              </value>
            </param>
            <param index="2">
              <value>
                <![CDATA[unrestricted]]>
              </value>
            </param>
          </params>
          <reporter-output>
          </reporter-output>
        </test-method> <!-- HomepageContent -->
      </class> <!-- mavenproj.HomePage -->
      <class name="mavenproj.PagetitleValidation">
        <test-method signature="TitleTest()[pri:0, instance:mavenproj.PagetitleValidation@7880cdf3]" started-at="2022-08-28T13:17:30 IST" name="TitleTest" finished-at="2022-08-28T13:17:33 IST" duration-ms="3347" status="PASS">
          <reporter-output>
          </reporter-output>
        </test-method> <!-- TitleTest -->
      </class> <!-- mavenproj.PagetitleValidation -->
    </test> <!-- Test -->
  </suite> <!-- Suite -->
</testng-results>
