-------------------------------------------------------------------------------
Test set: TestSuite
-------------------------------------------------------------------------------
Tests run: 6, Failures: 6, Errors: 0, Skipped: 0, Time elapsed: 4.429 s <<< FAILURE! - in TestSuite
stack.CheckTitle1.titleCheck  Time elapsed: 3.547 s  <<< FAILURE!
org.openqa.selenium.SessionNotCreatedException: 
Could not start a new session. Unable to parse remote response: <!DOCTYPE html><html><head><meta name="viewport" content="width=device-width"/><meta charSet="utf-8"/><title>404: This page could not be found</title><link rel="preload" href="/_next/static/chunks/412b7dee.11f4ec51.chunk.css" as="style"/><link rel="stylesheet" href="/_next/static/chunks/412b7dee.11f4ec51.chunk.css" data-n-g=""/><link rel="preload" href="/_next/static/chunks/styles.e2bb0603.chunk.css" as="style"/><link rel="stylesheet" href="/_next/static/chunks/styles.e2bb0603.chunk.css" data-n-g=""/><noscript data-n-css="true"></noscript><link rel="preload" href="/_next/static/chunks/main-127f4130b2ee8251cb07.js" as="script"/><link rel="preload" href="/_next/static/chunks/webpack-248a2eecd85f348c85bf.js" as="script"/><link rel="preload" href="/_next/static/chunks/framework.9707fddd9ae5927c17c3.js" as="script"/><link rel="preload" href="/_next/static/chunks/412b7dee.7b37a38a8911fc5fb44b.js" as="script"/><link rel="preload" href="/_next/static/chunks/commons.8dd95e2c8a426fce4243.js" as="script"/><link rel="preload" href="/_next/static/chunks/f86b6e29883aa668a624259c19aba9c4b16c8858.45364f83391b4c7c6cfc.js" as="script"/><link rel="preload" href="/_next/static/chunks/680059dc96e4c38580eb8670aeeedd940b19f861.f79e512e2fc010cbc361.js" as="script"/><link rel="preload" href="/_next/static/chunks/styles.b589c95bae47a4b56802.js" as="script"/><link rel="preload" href="/_next/static/chunks/pages/_app-37737f2090c5b0225f19.js" as="script"/><link rel="preload" href="/_next/static/chunks/pages/_error-fcf263e27259671dfb6d.js" as="script"/></head><body><div id="__next"><div style="color:#000;background:#fff;font-family:-apple-system, BlinkMacSystemFont, Roboto, &quot;Segoe UI&quot;, &quot;Fira Sans&quot;, Avenir, &quot;Helvetica Neue&quot;, &quot;Lucida Grande&quot;, sans-serif;height:100vh;text-align:center;display:flex;flex-direction:column;align-items:center;justify-content:center"><div><style>body { margin: 0 }</style><h1 style="display:inline-block;border-right:1px solid rgba(0, 0, 0,.3);margin:0;margin-right:20px;padding:10px 23px 10px 0;font-size:24px;font-weight:500;vertical-align:top">404</h1><div style="display:inline-block;text-align:left;line-height:49px;height:49px;vertical-align:middle"><h2 style="font-size:14px;font-weight:normal;line-height:inherit;margin:0;padding:0">This page could not be found<!-- -->.</h2></div></div></div></div><script id="__NEXT_DATA__" type="application/json">{"props":{"pageProps":{"statusCode":404}},"page":"/_error","query":{},"buildId":"A4W2e_gd6IfbDVjxfbNGN","nextExport":true,"isFallback":false,"gip":true,"head":[["meta",{"name":"viewport","content":"width=device-width"}],["meta",{"charSet":"utf-8"}],["title",{"children":"404: This page could not be found"}]]}</script><script nomodule="" src="/_next/static/chunks/polyfills-1509bd3fd78666178104.js"></script><script src="/_next/static/chunks/main-127f4130b2ee8251cb07.js" async=""></script><script src="/_next/static/chunks/webpack-248a2eecd85f348c85bf.js" async=""></script><script src="/_next/static/chunks/framework.9707fddd9ae5927c17c3.js" async=""></script><script src="/_next/static/chunks/412b7dee.7b37a38a8911fc5fb44b.js" async=""></script><script src="/_next/static/chunks/commons.8dd95e2c8a426fce4243.js" async=""></script><script src="/_next/static/chunks/f86b6e29883aa668a624259c19aba9c4b16c8858.45364f83391b4c7c6cfc.js" async=""></script><script src="/_next/static/chunks/680059dc96e4c38580eb8670aeeedd940b19f861.f79e512e2fc010cbc361.js" async=""></script><script src="/_next/static/chunks/styles.b589c95bae47a4b56802.js" async=""></script><script src="/_next/static/chunks/pages/_app-37737f2090c5b0225f19.js" async=""></script><script src="/_next/static/chunks/pages/_error-fcf263e27259671dfb6d.js" async=""></script><script src="/_next/static/A4W2e_gd6IfbDVjxfbNGN/_buildManifest.js" async=""></script><script src="/_next/static/A4W2e_gd6IfbDVjxfbNGN/_ssgManifest.js" async=""></script></body></html> 
Host info: host: 'LAPTOP-E8M4K11U', ip: '192.168.0.105'
	at stack.CheckTitle1.titleCheck(CheckTitle1.java:18)
Caused by: org.openqa.selenium.json.JsonException: Unable to parse: <!DOCTYPE html><html><head><meta name="viewport" content="width=device-width"/><meta charSet="utf-8"/><title>404: This page could not be found</title><link rel="preload" href="/_next/static/chunks/412b7dee.11f4ec51.chunk.css" as="style"/><link rel="stylesheet" href="/_next/static/chunks/412b7dee.11f4ec51.chunk.css" data-n-g=""/><link rel="preload" href="/_next/static/chunks/styles.e2bb0603.chunk.css" as="style"/><link rel="stylesheet" href="/_next/static/chunks/styles.e2bb0603.chunk.css" data-n-g=""/><noscript data-n-css="true"></noscript><link rel="preload" href="/_next/static/chunks/main-127f4130b2ee8251cb07.js" as="script"/><link rel="preload" href="/_next/static/chunks/webpack-248a2eecd85f348c85bf.js" as="script"/><link rel="preload" href="/_next/static/chunks/framework.9707fddd9ae5927c17c3.js" as="script"/><link rel="preload" href="/_next/static/chunks/412b7dee.7b37a38a8911fc5fb44b.js" as="script"/><link rel="preload" href="/_next/static/chunks/commons.8dd95e2c8a426fce4243.js" as="script"/><link rel="preload" href="/_next/static/chunks/f86b6e29883aa668a624259c19aba9c4b16c8858.45364f83391b4c7c6cfc.js" as="script"/><link rel="preload" href="/_next/static/chunks/680059dc96e4c38580eb8670aeeedd940b19f861.f79e512e2fc010cbc361.js" as="script"/><link rel="preload" href="/_next/static/chunks/styles.b589c95bae47a4b56802.js" as="script"/><link rel="preload" href="/_next/static/chunks/pages/_app-37737f2090c5b0225f19.js" as="script"/><link rel="preload" href="/_next/static/chunks/pages/_error-fcf263e27259671dfb6d.js" as="script"/></head><body><div id="__next"><div style="color:#000;background:#fff;font-family:-apple-system, BlinkMacSystemFont, Roboto, &quot;Segoe UI&quot;, &quot;Fira Sans&quot;, Avenir, &quot;Helvetica Neue&quot;, &quot;Lucida Grande&quot;, sans-serif;height:100vh;text-align:center;display:flex;flex-direction:column;align-items:center;justify-content:center"><div><style>body { margin: 0 }</style><h1 style="display:inline-block;border-right:1px solid rgba(0, 0, 0,.3);margin:0;margin-right:20px;padding:10px 23px 10px 0;font-size:24px;font-weight:500;vertical-align:top">404</h1><div style="display:inline-block;text-align:left;line-height:49px;height:49px;vertical-align:middle"><h2 style="font-size:14px;font-weight:normal;line-height:inherit;margin:0;padding:0">This page could not be found<!-- -->.</h2></div></div></div></div><script id="__NEXT_DATA__" type="application/json">{"props":{"pageProps":{"statusCode":404}},"page":"/_error","query":{},"buildId":"A4W2e_gd6IfbDVjxfbNGN","nextExport":true,"isFallback":false,"gip":true,"head":[["meta",{"name":"viewport","content":"width=device-width"}],["meta",{"charSet":"utf-8"}],["title",{"children":"404: This page could not be found"}]]}</script><script nomodule="" src="/_next/static/chunks/polyfills-1509bd3fd78666178104.js"></script><script src="/_next/static/chunks/main-127f4130b2ee8251cb07.js" async=""></script><script src="/_next/static/chunks/webpack-248a2eecd85f348c85bf.js" async=""></script><script src="/_next/static/chunks/framework.9707fddd9ae5927c17c3.js" async=""></script><script src="/_next/static/chunks/412b7dee.7b37a38a8911fc5fb44b.js" async=""></script><script src="/_next/static/chunks/commons.8dd95e2c8a426fce4243.js" async=""></script><script src="/_next/static/chunks/f86b6e29883aa668a624259c19aba9c4b16c8858.45364f83391b4c7c6cfc.js" async=""></script><script src="/_next/static/chunks/680059dc96e4c38580eb8670aeeedd940b19f861.f79e512e2fc010cbc361.js" async=""></script><script src="/_next/static/chunks/styles.b589c95bae47a4b56802.js" async=""></script><script src="/_next/static/chunks/pages/_app-37737f2090c5b0225f19.js" async=""></script><script src="/_next/static/chunks/pages/_error-fcf263e27259671dfb6d.js" async=""></script><script src="/_next/static/A4W2e_gd6IfbDVjxfbNGN/_buildManifest.js" async=""></script><script src="/_next/static/A4W2e_gd6IfbDVjxfbNGN/_ssgManifest.js" async=""></script></body></html>
	at stack.CheckTitle1.titleCheck(CheckTitle1.java:18)
Caused by: org.openqa.selenium.json.JsonException: 
Unable to determine type from: <. Last 1 characters read: <
Build info: version: '4.6.0', revision: '79f1c02ae20'
System info: os.name: 'Windows 11', os.arch: 'amd64', os.version: '10.0', java.version: '17.0.2'
Driver info: driver.version: RemoteWebDriver
	at stack.CheckTitle1.titleCheck(CheckTitle1.java:18)

stack.CheckTitle1.titleCheck  Time elapsed: 3.55 s  <<< FAILURE!
org.openqa.selenium.SessionNotCreatedException: 
Could not start a new session. Unable to parse remote response: <!DOCTYPE html><html><head><meta name="viewport" content="width=device-width"/><meta charSet="utf-8"/><title>404: This page could not be found</title><link rel="preload" href="/_next/static/chunks/412b7dee.11f4ec51.chunk.css" as="style"/><link rel="stylesheet" href="/_next/static/chunks/412b7dee.11f4ec51.chunk.css" data-n-g=""/><link rel="preload" href="/_next/static/chunks/styles.e2bb0603.chunk.css" as="style"/><link rel="stylesheet" href="/_next/static/chunks/styles.e2bb0603.chunk.css" data-n-g=""/><noscript data-n-css="true"></noscript><link rel="preload" href="/_next/static/chunks/main-127f4130b2ee8251cb07.js" as="script"/><link rel="preload" href="/_next/static/chunks/webpack-248a2eecd85f348c85bf.js" as="script"/><link rel="preload" href="/_next/static/chunks/framework.9707fddd9ae5927c17c3.js" as="script"/><link rel="preload" href="/_next/static/chunks/412b7dee.7b37a38a8911fc5fb44b.js" as="script"/><link rel="preload" href="/_next/static/chunks/commons.8dd95e2c8a426fce4243.js" as="script"/><link rel="preload" href="/_next/static/chunks/f86b6e29883aa668a624259c19aba9c4b16c8858.45364f83391b4c7c6cfc.js" as="script"/><link rel="preload" href="/_next/static/chunks/680059dc96e4c38580eb8670aeeedd940b19f861.f79e512e2fc010cbc361.js" as="script"/><link rel="preload" href="/_next/static/chunks/styles.b589c95bae47a4b56802.js" as="script"/><link rel="preload" href="/_next/static/chunks/pages/_app-37737f2090c5b0225f19.js" as="script"/><link rel="preload" href="/_next/static/chunks/pages/_error-fcf263e27259671dfb6d.js" as="script"/></head><body><div id="__next"><div style="color:#000;background:#fff;font-family:-apple-system, BlinkMacSystemFont, Roboto, &quot;Segoe UI&quot;, &quot;Fira Sans&quot;, Avenir, &quot;Helvetica Neue&quot;, &quot;Lucida Grande&quot;, sans-serif;height:100vh;text-align:center;display:flex;flex-direction:column;align-items:center;justify-content:center"><div><style>body { margin: 0 }</style><h1 style="display:inline-block;border-right:1px solid rgba(0, 0, 0,.3);margin:0;margin-right:20px;padding:10px 23px 10px 0;font-size:24px;font-weight:500;vertical-align:top">404</h1><div style="display:inline-block;text-align:left;line-height:49px;height:49px;vertical-align:middle"><h2 style="font-size:14px;font-weight:normal;line-height:inherit;margin:0;padding:0">This page could not be found<!-- -->.</h2></div></div></div></div><script id="__NEXT_DATA__" type="application/json">{"props":{"pageProps":{"statusCode":404}},"page":"/_error","query":{},"buildId":"A4W2e_gd6IfbDVjxfbNGN","nextExport":true,"isFallback":false,"gip":true,"head":[["meta",{"name":"viewport","content":"width=device-width"}],["meta",{"charSet":"utf-8"}],["title",{"children":"404: This page could not be found"}]]}</script><script nomodule="" src="/_next/static/chunks/polyfills-1509bd3fd78666178104.js"></script><script src="/_next/static/chunks/main-127f4130b2ee8251cb07.js" async=""></script><script src="/_next/static/chunks/webpack-248a2eecd85f348c85bf.js" async=""></script><script src="/_next/static/chunks/framework.9707fddd9ae5927c17c3.js" async=""></script><script src="/_next/static/chunks/412b7dee.7b37a38a8911fc5fb44b.js" async=""></script><script src="/_next/static/chunks/commons.8dd95e2c8a426fce4243.js" async=""></script><script src="/_next/static/chunks/f86b6e29883aa668a624259c19aba9c4b16c8858.45364f83391b4c7c6cfc.js" async=""></script><script src="/_next/static/chunks/680059dc96e4c38580eb8670aeeedd940b19f861.f79e512e2fc010cbc361.js" async=""></script><script src="/_next/static/chunks/styles.b589c95bae47a4b56802.js" async=""></script><script src="/_next/static/chunks/pages/_app-37737f2090c5b0225f19.js" async=""></script><script src="/_next/static/chunks/pages/_error-fcf263e27259671dfb6d.js" async=""></script><script src="/_next/static/A4W2e_gd6IfbDVjxfbNGN/_buildManifest.js" async=""></script><script src="/_next/static/A4W2e_gd6IfbDVjxfbNGN/_ssgManifest.js" async=""></script></body></html> 
Host info: host: 'LAPTOP-E8M4K11U', ip: '192.168.0.105'
	at stack.CheckTitle1.titleCheck(CheckTitle1.java:18)
Caused by: org.openqa.selenium.json.JsonException: Unable to parse: <!DOCTYPE html><html><head><meta name="viewport" content="width=device-width"/><meta charSet="utf-8"/><title>404: This page could not be found</title><link rel="preload" href="/_next/static/chunks/412b7dee.11f4ec51.chunk.css" as="style"/><link rel="stylesheet" href="/_next/static/chunks/412b7dee.11f4ec51.chunk.css" data-n-g=""/><link rel="preload" href="/_next/static/chunks/styles.e2bb0603.chunk.css" as="style"/><link rel="stylesheet" href="/_next/static/chunks/styles.e2bb0603.chunk.css" data-n-g=""/><noscript data-n-css="true"></noscript><link rel="preload" href="/_next/static/chunks/main-127f4130b2ee8251cb07.js" as="script"/><link rel="preload" href="/_next/static/chunks/webpack-248a2eecd85f348c85bf.js" as="script"/><link rel="preload" href="/_next/static/chunks/framework.9707fddd9ae5927c17c3.js" as="script"/><link rel="preload" href="/_next/static/chunks/412b7dee.7b37a38a8911fc5fb44b.js" as="script"/><link rel="preload" href="/_next/static/chunks/commons.8dd95e2c8a426fce4243.js" as="script"/><link rel="preload" href="/_next/static/chunks/f86b6e29883aa668a624259c19aba9c4b16c8858.45364f83391b4c7c6cfc.js" as="script"/><link rel="preload" href="/_next/static/chunks/680059dc96e4c38580eb8670aeeedd940b19f861.f79e512e2fc010cbc361.js" as="script"/><link rel="preload" href="/_next/static/chunks/styles.b589c95bae47a4b56802.js" as="script"/><link rel="preload" href="/_next/static/chunks/pages/_app-37737f2090c5b0225f19.js" as="script"/><link rel="preload" href="/_next/static/chunks/pages/_error-fcf263e27259671dfb6d.js" as="script"/></head><body><div id="__next"><div style="color:#000;background:#fff;font-family:-apple-system, BlinkMacSystemFont, Roboto, &quot;Segoe UI&quot;, &quot;Fira Sans&quot;, Avenir, &quot;Helvetica Neue&quot;, &quot;Lucida Grande&quot;, sans-serif;height:100vh;text-align:center;display:flex;flex-direction:column;align-items:center;justify-content:center"><div><style>body { margin: 0 }</style><h1 style="display:inline-block;border-right:1px solid rgba(0, 0, 0,.3);margin:0;margin-right:20px;padding:10px 23px 10px 0;font-size:24px;font-weight:500;vertical-align:top">404</h1><div style="display:inline-block;text-align:left;line-height:49px;height:49px;vertical-align:middle"><h2 style="font-size:14px;font-weight:normal;line-height:inherit;margin:0;padding:0">This page could not be found<!-- -->.</h2></div></div></div></div><script id="__NEXT_DATA__" type="application/json">{"props":{"pageProps":{"statusCode":404}},"page":"/_error","query":{},"buildId":"A4W2e_gd6IfbDVjxfbNGN","nextExport":true,"isFallback":false,"gip":true,"head":[["meta",{"name":"viewport","content":"width=device-width"}],["meta",{"charSet":"utf-8"}],["title",{"children":"404: This page could not be found"}]]}</script><script nomodule="" src="/_next/static/chunks/polyfills-1509bd3fd78666178104.js"></script><script src="/_next/static/chunks/main-127f4130b2ee8251cb07.js" async=""></script><script src="/_next/static/chunks/webpack-248a2eecd85f348c85bf.js" async=""></script><script src="/_next/static/chunks/framework.9707fddd9ae5927c17c3.js" async=""></script><script src="/_next/static/chunks/412b7dee.7b37a38a8911fc5fb44b.js" async=""></script><script src="/_next/static/chunks/commons.8dd95e2c8a426fce4243.js" async=""></script><script src="/_next/static/chunks/f86b6e29883aa668a624259c19aba9c4b16c8858.45364f83391b4c7c6cfc.js" async=""></script><script src="/_next/static/chunks/680059dc96e4c38580eb8670aeeedd940b19f861.f79e512e2fc010cbc361.js" async=""></script><script src="/_next/static/chunks/styles.b589c95bae47a4b56802.js" async=""></script><script src="/_next/static/chunks/pages/_app-37737f2090c5b0225f19.js" async=""></script><script src="/_next/static/chunks/pages/_error-fcf263e27259671dfb6d.js" async=""></script><script src="/_next/static/A4W2e_gd6IfbDVjxfbNGN/_buildManifest.js" async=""></script><script src="/_next/static/A4W2e_gd6IfbDVjxfbNGN/_ssgManifest.js" async=""></script></body></html>
	at stack.CheckTitle1.titleCheck(CheckTitle1.java:18)
Caused by: org.openqa.selenium.json.JsonException: 
Unable to determine type from: <. Last 1 characters read: <
Build info: version: '4.6.0', revision: '79f1c02ae20'
System info: os.name: 'Windows 11', os.arch: 'amd64', os.version: '10.0', java.version: '17.0.2'
Driver info: driver.version: RemoteWebDriver
	at stack.CheckTitle1.titleCheck(CheckTitle1.java:18)

stack.CheckTitle1.titleCheck  Time elapsed: 3.554 s  <<< FAILURE!
org.openqa.selenium.SessionNotCreatedException: 
Could not start a new session. Unable to parse remote response: <!DOCTYPE html><html><head><meta name="viewport" content="width=device-width"/><meta charSet="utf-8"/><title>404: This page could not be found</title><link rel="preload" href="/_next/static/chunks/412b7dee.11f4ec51.chunk.css" as="style"/><link rel="stylesheet" href="/_next/static/chunks/412b7dee.11f4ec51.chunk.css" data-n-g=""/><link rel="preload" href="/_next/static/chunks/styles.e2bb0603.chunk.css" as="style"/><link rel="stylesheet" href="/_next/static/chunks/styles.e2bb0603.chunk.css" data-n-g=""/><noscript data-n-css="true"></noscript><link rel="preload" href="/_next/static/chunks/main-127f4130b2ee8251cb07.js" as="script"/><link rel="preload" href="/_next/static/chunks/webpack-248a2eecd85f348c85bf.js" as="script"/><link rel="preload" href="/_next/static/chunks/framework.9707fddd9ae5927c17c3.js" as="script"/><link rel="preload" href="/_next/static/chunks/412b7dee.7b37a38a8911fc5fb44b.js" as="script"/><link rel="preload" href="/_next/static/chunks/commons.8dd95e2c8a426fce4243.js" as="script"/><link rel="preload" href="/_next/static/chunks/f86b6e29883aa668a624259c19aba9c4b16c8858.45364f83391b4c7c6cfc.js" as="script"/><link rel="preload" href="/_next/static/chunks/680059dc96e4c38580eb8670aeeedd940b19f861.f79e512e2fc010cbc361.js" as="script"/><link rel="preload" href="/_next/static/chunks/styles.b589c95bae47a4b56802.js" as="script"/><link rel="preload" href="/_next/static/chunks/pages/_app-37737f2090c5b0225f19.js" as="script"/><link rel="preload" href="/_next/static/chunks/pages/_error-fcf263e27259671dfb6d.js" as="script"/></head><body><div id="__next"><div style="color:#000;background:#fff;font-family:-apple-system, BlinkMacSystemFont, Roboto, &quot;Segoe UI&quot;, &quot;Fira Sans&quot;, Avenir, &quot;Helvetica Neue&quot;, &quot;Lucida Grande&quot;, sans-serif;height:100vh;text-align:center;display:flex;flex-direction:column;align-items:center;justify-content:center"><div><style>body { margin: 0 }</style><h1 style="display:inline-block;border-right:1px solid rgba(0, 0, 0,.3);margin:0;margin-right:20px;padding:10px 23px 10px 0;font-size:24px;font-weight:500;vertical-align:top">404</h1><div style="display:inline-block;text-align:left;line-height:49px;height:49px;vertical-align:middle"><h2 style="font-size:14px;font-weight:normal;line-height:inherit;margin:0;padding:0">This page could not be found<!-- -->.</h2></div></div></div></div><script id="__NEXT_DATA__" type="application/json">{"props":{"pageProps":{"statusCode":404}},"page":"/_error","query":{},"buildId":"A4W2e_gd6IfbDVjxfbNGN","nextExport":true,"isFallback":false,"gip":true,"head":[["meta",{"name":"viewport","content":"width=device-width"}],["meta",{"charSet":"utf-8"}],["title",{"children":"404: This page could not be found"}]]}</script><script nomodule="" src="/_next/static/chunks/polyfills-1509bd3fd78666178104.js"></script><script src="/_next/static/chunks/main-127f4130b2ee8251cb07.js" async=""></script><script src="/_next/static/chunks/webpack-248a2eecd85f348c85bf.js" async=""></script><script src="/_next/static/chunks/framework.9707fddd9ae5927c17c3.js" async=""></script><script src="/_next/static/chunks/412b7dee.7b37a38a8911fc5fb44b.js" async=""></script><script src="/_next/static/chunks/commons.8dd95e2c8a426fce4243.js" async=""></script><script src="/_next/static/chunks/f86b6e29883aa668a624259c19aba9c4b16c8858.45364f83391b4c7c6cfc.js" async=""></script><script src="/_next/static/chunks/680059dc96e4c38580eb8670aeeedd940b19f861.f79e512e2fc010cbc361.js" async=""></script><script src="/_next/static/chunks/styles.b589c95bae47a4b56802.js" async=""></script><script src="/_next/static/chunks/pages/_app-37737f2090c5b0225f19.js" async=""></script><script src="/_next/static/chunks/pages/_error-fcf263e27259671dfb6d.js" async=""></script><script src="/_next/static/A4W2e_gd6IfbDVjxfbNGN/_buildManifest.js" async=""></script><script src="/_next/static/A4W2e_gd6IfbDVjxfbNGN/_ssgManifest.js" async=""></script></body></html> 
Host info: host: 'LAPTOP-E8M4K11U', ip: '192.168.0.105'
	at stack.CheckTitle1.titleCheck(CheckTitle1.java:18)
Caused by: org.openqa.selenium.json.JsonException: Unable to parse: <!DOCTYPE html><html><head><meta name="viewport" content="width=device-width"/><meta charSet="utf-8"/><title>404: This page could not be found</title><link rel="preload" href="/_next/static/chunks/412b7dee.11f4ec51.chunk.css" as="style"/><link rel="stylesheet" href="/_next/static/chunks/412b7dee.11f4ec51.chunk.css" data-n-g=""/><link rel="preload" href="/_next/static/chunks/styles.e2bb0603.chunk.css" as="style"/><link rel="stylesheet" href="/_next/static/chunks/styles.e2bb0603.chunk.css" data-n-g=""/><noscript data-n-css="true"></noscript><link rel="preload" href="/_next/static/chunks/main-127f4130b2ee8251cb07.js" as="script"/><link rel="preload" href="/_next/static/chunks/webpack-248a2eecd85f348c85bf.js" as="script"/><link rel="preload" href="/_next/static/chunks/framework.9707fddd9ae5927c17c3.js" as="script"/><link rel="preload" href="/_next/static/chunks/412b7dee.7b37a38a8911fc5fb44b.js" as="script"/><link rel="preload" href="/_next/static/chunks/commons.8dd95e2c8a426fce4243.js" as="script"/><link rel="preload" href="/_next/static/chunks/f86b6e29883aa668a624259c19aba9c4b16c8858.45364f83391b4c7c6cfc.js" as="script"/><link rel="preload" href="/_next/static/chunks/680059dc96e4c38580eb8670aeeedd940b19f861.f79e512e2fc010cbc361.js" as="script"/><link rel="preload" href="/_next/static/chunks/styles.b589c95bae47a4b56802.js" as="script"/><link rel="preload" href="/_next/static/chunks/pages/_app-37737f2090c5b0225f19.js" as="script"/><link rel="preload" href="/_next/static/chunks/pages/_error-fcf263e27259671dfb6d.js" as="script"/></head><body><div id="__next"><div style="color:#000;background:#fff;font-family:-apple-system, BlinkMacSystemFont, Roboto, &quot;Segoe UI&quot;, &quot;Fira Sans&quot;, Avenir, &quot;Helvetica Neue&quot;, &quot;Lucida Grande&quot;, sans-serif;height:100vh;text-align:center;display:flex;flex-direction:column;align-items:center;justify-content:center"><div><style>body { margin: 0 }</style><h1 style="display:inline-block;border-right:1px solid rgba(0, 0, 0,.3);margin:0;margin-right:20px;padding:10px 23px 10px 0;font-size:24px;font-weight:500;vertical-align:top">404</h1><div style="display:inline-block;text-align:left;line-height:49px;height:49px;vertical-align:middle"><h2 style="font-size:14px;font-weight:normal;line-height:inherit;margin:0;padding:0">This page could not be found<!-- -->.</h2></div></div></div></div><script id="__NEXT_DATA__" type="application/json">{"props":{"pageProps":{"statusCode":404}},"page":"/_error","query":{},"buildId":"A4W2e_gd6IfbDVjxfbNGN","nextExport":true,"isFallback":false,"gip":true,"head":[["meta",{"name":"viewport","content":"width=device-width"}],["meta",{"charSet":"utf-8"}],["title",{"children":"404: This page could not be found"}]]}</script><script nomodule="" src="/_next/static/chunks/polyfills-1509bd3fd78666178104.js"></script><script src="/_next/static/chunks/main-127f4130b2ee8251cb07.js" async=""></script><script src="/_next/static/chunks/webpack-248a2eecd85f348c85bf.js" async=""></script><script src="/_next/static/chunks/framework.9707fddd9ae5927c17c3.js" async=""></script><script src="/_next/static/chunks/412b7dee.7b37a38a8911fc5fb44b.js" async=""></script><script src="/_next/static/chunks/commons.8dd95e2c8a426fce4243.js" async=""></script><script src="/_next/static/chunks/f86b6e29883aa668a624259c19aba9c4b16c8858.45364f83391b4c7c6cfc.js" async=""></script><script src="/_next/static/chunks/680059dc96e4c38580eb8670aeeedd940b19f861.f79e512e2fc010cbc361.js" async=""></script><script src="/_next/static/chunks/styles.b589c95bae47a4b56802.js" async=""></script><script src="/_next/static/chunks/pages/_app-37737f2090c5b0225f19.js" async=""></script><script src="/_next/static/chunks/pages/_error-fcf263e27259671dfb6d.js" async=""></script><script src="/_next/static/A4W2e_gd6IfbDVjxfbNGN/_buildManifest.js" async=""></script><script src="/_next/static/A4W2e_gd6IfbDVjxfbNGN/_ssgManifest.js" async=""></script></body></html>
	at stack.CheckTitle1.titleCheck(CheckTitle1.java:18)
Caused by: org.openqa.selenium.json.JsonException: 
Unable to determine type from: <. Last 1 characters read: <
Build info: version: '4.6.0', revision: '79f1c02ae20'
System info: os.name: 'Windows 11', os.arch: 'amd64', os.version: '10.0', java.version: '17.0.2'
Driver info: driver.version: RemoteWebDriver
	at stack.CheckTitle1.titleCheck(CheckTitle1.java:18)

stack.CheckTitle2.titleCheck  Time elapsed: 0.184 s  <<< FAILURE!
org.openqa.selenium.SessionNotCreatedException: 
Could not start a new session. Unable to parse remote response: <!DOCTYPE html><html><head><meta name="viewport" content="width=device-width"/><meta charSet="utf-8"/><title>404: This page could not be found</title><link rel="preload" href="/_next/static/chunks/412b7dee.11f4ec51.chunk.css" as="style"/><link rel="stylesheet" href="/_next/static/chunks/412b7dee.11f4ec51.chunk.css" data-n-g=""/><link rel="preload" href="/_next/static/chunks/styles.e2bb0603.chunk.css" as="style"/><link rel="stylesheet" href="/_next/static/chunks/styles.e2bb0603.chunk.css" data-n-g=""/><noscript data-n-css="true"></noscript><link rel="preload" href="/_next/static/chunks/main-127f4130b2ee8251cb07.js" as="script"/><link rel="preload" href="/_next/static/chunks/webpack-248a2eecd85f348c85bf.js" as="script"/><link rel="preload" href="/_next/static/chunks/framework.9707fddd9ae5927c17c3.js" as="script"/><link rel="preload" href="/_next/static/chunks/412b7dee.7b37a38a8911fc5fb44b.js" as="script"/><link rel="preload" href="/_next/static/chunks/commons.8dd95e2c8a426fce4243.js" as="script"/><link rel="preload" href="/_next/static/chunks/f86b6e29883aa668a624259c19aba9c4b16c8858.45364f83391b4c7c6cfc.js" as="script"/><link rel="preload" href="/_next/static/chunks/680059dc96e4c38580eb8670aeeedd940b19f861.f79e512e2fc010cbc361.js" as="script"/><link rel="preload" href="/_next/static/chunks/styles.b589c95bae47a4b56802.js" as="script"/><link rel="preload" href="/_next/static/chunks/pages/_app-37737f2090c5b0225f19.js" as="script"/><link rel="preload" href="/_next/static/chunks/pages/_error-fcf263e27259671dfb6d.js" as="script"/></head><body><div id="__next"><div style="color:#000;background:#fff;font-family:-apple-system, BlinkMacSystemFont, Roboto, &quot;Segoe UI&quot;, &quot;Fira Sans&quot;, Avenir, &quot;Helvetica Neue&quot;, &quot;Lucida Grande&quot;, sans-serif;height:100vh;text-align:center;display:flex;flex-direction:column;align-items:center;justify-content:center"><div><style>body { margin: 0 }</style><h1 style="display:inline-block;border-right:1px solid rgba(0, 0, 0,.3);margin:0;margin-right:20px;padding:10px 23px 10px 0;font-size:24px;font-weight:500;vertical-align:top">404</h1><div style="display:inline-block;text-align:left;line-height:49px;height:49px;vertical-align:middle"><h2 style="font-size:14px;font-weight:normal;line-height:inherit;margin:0;padding:0">This page could not be found<!-- -->.</h2></div></div></div></div><script id="__NEXT_DATA__" type="application/json">{"props":{"pageProps":{"statusCode":404}},"page":"/_error","query":{},"buildId":"A4W2e_gd6IfbDVjxfbNGN","nextExport":true,"isFallback":false,"gip":true,"head":[["meta",{"name":"viewport","content":"width=device-width"}],["meta",{"charSet":"utf-8"}],["title",{"children":"404: This page could not be found"}]]}</script><script nomodule="" src="/_next/static/chunks/polyfills-1509bd3fd78666178104.js"></script><script src="/_next/static/chunks/main-127f4130b2ee8251cb07.js" async=""></script><script src="/_next/static/chunks/webpack-248a2eecd85f348c85bf.js" async=""></script><script src="/_next/static/chunks/framework.9707fddd9ae5927c17c3.js" async=""></script><script src="/_next/static/chunks/412b7dee.7b37a38a8911fc5fb44b.js" async=""></script><script src="/_next/static/chunks/commons.8dd95e2c8a426fce4243.js" async=""></script><script src="/_next/static/chunks/f86b6e29883aa668a624259c19aba9c4b16c8858.45364f83391b4c7c6cfc.js" async=""></script><script src="/_next/static/chunks/680059dc96e4c38580eb8670aeeedd940b19f861.f79e512e2fc010cbc361.js" async=""></script><script src="/_next/static/chunks/styles.b589c95bae47a4b56802.js" async=""></script><script src="/_next/static/chunks/pages/_app-37737f2090c5b0225f19.js" async=""></script><script src="/_next/static/chunks/pages/_error-fcf263e27259671dfb6d.js" async=""></script><script src="/_next/static/A4W2e_gd6IfbDVjxfbNGN/_buildManifest.js" async=""></script><script src="/_next/static/A4W2e_gd6IfbDVjxfbNGN/_ssgManifest.js" async=""></script></body></html> 
Host info: host: 'LAPTOP-E8M4K11U', ip: '192.168.0.105'
	at stack.CheckTitle2.titleCheck(CheckTitle2.java:17)
Caused by: org.openqa.selenium.json.JsonException: Unable to parse: <!DOCTYPE html><html><head><meta name="viewport" content="width=device-width"/><meta charSet="utf-8"/><title>404: This page could not be found</title><link rel="preload" href="/_next/static/chunks/412b7dee.11f4ec51.chunk.css" as="style"/><link rel="stylesheet" href="/_next/static/chunks/412b7dee.11f4ec51.chunk.css" data-n-g=""/><link rel="preload" href="/_next/static/chunks/styles.e2bb0603.chunk.css" as="style"/><link rel="stylesheet" href="/_next/static/chunks/styles.e2bb0603.chunk.css" data-n-g=""/><noscript data-n-css="true"></noscript><link rel="preload" href="/_next/static/chunks/main-127f4130b2ee8251cb07.js" as="script"/><link rel="preload" href="/_next/static/chunks/webpack-248a2eecd85f348c85bf.js" as="script"/><link rel="preload" href="/_next/static/chunks/framework.9707fddd9ae5927c17c3.js" as="script"/><link rel="preload" href="/_next/static/chunks/412b7dee.7b37a38a8911fc5fb44b.js" as="script"/><link rel="preload" href="/_next/static/chunks/commons.8dd95e2c8a426fce4243.js" as="script"/><link rel="preload" href="/_next/static/chunks/f86b6e29883aa668a624259c19aba9c4b16c8858.45364f83391b4c7c6cfc.js" as="script"/><link rel="preload" href="/_next/static/chunks/680059dc96e4c38580eb8670aeeedd940b19f861.f79e512e2fc010cbc361.js" as="script"/><link rel="preload" href="/_next/static/chunks/styles.b589c95bae47a4b56802.js" as="script"/><link rel="preload" href="/_next/static/chunks/pages/_app-37737f2090c5b0225f19.js" as="script"/><link rel="preload" href="/_next/static/chunks/pages/_error-fcf263e27259671dfb6d.js" as="script"/></head><body><div id="__next"><div style="color:#000;background:#fff;font-family:-apple-system, BlinkMacSystemFont, Roboto, &quot;Segoe UI&quot;, &quot;Fira Sans&quot;, Avenir, &quot;Helvetica Neue&quot;, &quot;Lucida Grande&quot;, sans-serif;height:100vh;text-align:center;display:flex;flex-direction:column;align-items:center;justify-content:center"><div><style>body { margin: 0 }</style><h1 style="display:inline-block;border-right:1px solid rgba(0, 0, 0,.3);margin:0;margin-right:20px;padding:10px 23px 10px 0;font-size:24px;font-weight:500;vertical-align:top">404</h1><div style="display:inline-block;text-align:left;line-height:49px;height:49px;vertical-align:middle"><h2 style="font-size:14px;font-weight:normal;line-height:inherit;margin:0;padding:0">This page could not be found<!-- -->.</h2></div></div></div></div><script id="__NEXT_DATA__" type="application/json">{"props":{"pageProps":{"statusCode":404}},"page":"/_error","query":{},"buildId":"A4W2e_gd6IfbDVjxfbNGN","nextExport":true,"isFallback":false,"gip":true,"head":[["meta",{"name":"viewport","content":"width=device-width"}],["meta",{"charSet":"utf-8"}],["title",{"children":"404: This page could not be found"}]]}</script><script nomodule="" src="/_next/static/chunks/polyfills-1509bd3fd78666178104.js"></script><script src="/_next/static/chunks/main-127f4130b2ee8251cb07.js" async=""></script><script src="/_next/static/chunks/webpack-248a2eecd85f348c85bf.js" async=""></script><script src="/_next/static/chunks/framework.9707fddd9ae5927c17c3.js" async=""></script><script src="/_next/static/chunks/412b7dee.7b37a38a8911fc5fb44b.js" async=""></script><script src="/_next/static/chunks/commons.8dd95e2c8a426fce4243.js" async=""></script><script src="/_next/static/chunks/f86b6e29883aa668a624259c19aba9c4b16c8858.45364f83391b4c7c6cfc.js" async=""></script><script src="/_next/static/chunks/680059dc96e4c38580eb8670aeeedd940b19f861.f79e512e2fc010cbc361.js" async=""></script><script src="/_next/static/chunks/styles.b589c95bae47a4b56802.js" async=""></script><script src="/_next/static/chunks/pages/_app-37737f2090c5b0225f19.js" async=""></script><script src="/_next/static/chunks/pages/_error-fcf263e27259671dfb6d.js" async=""></script><script src="/_next/static/A4W2e_gd6IfbDVjxfbNGN/_buildManifest.js" async=""></script><script src="/_next/static/A4W2e_gd6IfbDVjxfbNGN/_ssgManifest.js" async=""></script></body></html>
	at stack.CheckTitle2.titleCheck(CheckTitle2.java:17)
Caused by: org.openqa.selenium.json.JsonException: 
Unable to determine type from: <. Last 1 characters read: <
Build info: version: '4.6.0', revision: '79f1c02ae20'
System info: os.name: 'Windows 11', os.arch: 'amd64', os.version: '10.0', java.version: '17.0.2'
Driver info: driver.version: RemoteWebDriver
	at stack.CheckTitle2.titleCheck(CheckTitle2.java:17)

stack.CheckTitle2.titleCheck  Time elapsed: 0.194 s  <<< FAILURE!
org.openqa.selenium.SessionNotCreatedException: 
Could not start a new session. Unable to parse remote response: <!DOCTYPE html><html><head><meta name="viewport" content="width=device-width"/><meta charSet="utf-8"/><title>404: This page could not be found</title><link rel="preload" href="/_next/static/chunks/412b7dee.11f4ec51.chunk.css" as="style"/><link rel="stylesheet" href="/_next/static/chunks/412b7dee.11f4ec51.chunk.css" data-n-g=""/><link rel="preload" href="/_next/static/chunks/styles.e2bb0603.chunk.css" as="style"/><link rel="stylesheet" href="/_next/static/chunks/styles.e2bb0603.chunk.css" data-n-g=""/><noscript data-n-css="true"></noscript><link rel="preload" href="/_next/static/chunks/main-127f4130b2ee8251cb07.js" as="script"/><link rel="preload" href="/_next/static/chunks/webpack-248a2eecd85f348c85bf.js" as="script"/><link rel="preload" href="/_next/static/chunks/framework.9707fddd9ae5927c17c3.js" as="script"/><link rel="preload" href="/_next/static/chunks/412b7dee.7b37a38a8911fc5fb44b.js" as="script"/><link rel="preload" href="/_next/static/chunks/commons.8dd95e2c8a426fce4243.js" as="script"/><link rel="preload" href="/_next/static/chunks/f86b6e29883aa668a624259c19aba9c4b16c8858.45364f83391b4c7c6cfc.js" as="script"/><link rel="preload" href="/_next/static/chunks/680059dc96e4c38580eb8670aeeedd940b19f861.f79e512e2fc010cbc361.js" as="script"/><link rel="preload" href="/_next/static/chunks/styles.b589c95bae47a4b56802.js" as="script"/><link rel="preload" href="/_next/static/chunks/pages/_app-37737f2090c5b0225f19.js" as="script"/><link rel="preload" href="/_next/static/chunks/pages/_error-fcf263e27259671dfb6d.js" as="script"/></head><body><div id="__next"><div style="color:#000;background:#fff;font-family:-apple-system, BlinkMacSystemFont, Roboto, &quot;Segoe UI&quot;, &quot;Fira Sans&quot;, Avenir, &quot;Helvetica Neue&quot;, &quot;Lucida Grande&quot;, sans-serif;height:100vh;text-align:center;display:flex;flex-direction:column;align-items:center;justify-content:center"><div><style>body { margin: 0 }</style><h1 style="display:inline-block;border-right:1px solid rgba(0, 0, 0,.3);margin:0;margin-right:20px;padding:10px 23px 10px 0;font-size:24px;font-weight:500;vertical-align:top">404</h1><div style="display:inline-block;text-align:left;line-height:49px;height:49px;vertical-align:middle"><h2 style="font-size:14px;font-weight:normal;line-height:inherit;margin:0;padding:0">This page could not be found<!-- -->.</h2></div></div></div></div><script id="__NEXT_DATA__" type="application/json">{"props":{"pageProps":{"statusCode":404}},"page":"/_error","query":{},"buildId":"A4W2e_gd6IfbDVjxfbNGN","nextExport":true,"isFallback":false,"gip":true,"head":[["meta",{"name":"viewport","content":"width=device-width"}],["meta",{"charSet":"utf-8"}],["title",{"children":"404: This page could not be found"}]]}</script><script nomodule="" src="/_next/static/chunks/polyfills-1509bd3fd78666178104.js"></script><script src="/_next/static/chunks/main-127f4130b2ee8251cb07.js" async=""></script><script src="/_next/static/chunks/webpack-248a2eecd85f348c85bf.js" async=""></script><script src="/_next/static/chunks/framework.9707fddd9ae5927c17c3.js" async=""></script><script src="/_next/static/chunks/412b7dee.7b37a38a8911fc5fb44b.js" async=""></script><script src="/_next/static/chunks/commons.8dd95e2c8a426fce4243.js" async=""></script><script src="/_next/static/chunks/f86b6e29883aa668a624259c19aba9c4b16c8858.45364f83391b4c7c6cfc.js" async=""></script><script src="/_next/static/chunks/680059dc96e4c38580eb8670aeeedd940b19f861.f79e512e2fc010cbc361.js" async=""></script><script src="/_next/static/chunks/styles.b589c95bae47a4b56802.js" async=""></script><script src="/_next/static/chunks/pages/_app-37737f2090c5b0225f19.js" async=""></script><script src="/_next/static/chunks/pages/_error-fcf263e27259671dfb6d.js" async=""></script><script src="/_next/static/A4W2e_gd6IfbDVjxfbNGN/_buildManifest.js" async=""></script><script src="/_next/static/A4W2e_gd6IfbDVjxfbNGN/_ssgManifest.js" async=""></script></body></html> 
Host info: host: 'LAPTOP-E8M4K11U', ip: '192.168.0.105'
	at stack.CheckTitle2.titleCheck(CheckTitle2.java:17)
Caused by: org.openqa.selenium.json.JsonException: Unable to parse: <!DOCTYPE html><html><head><meta name="viewport" content="width=device-width"/><meta charSet="utf-8"/><title>404: This page could not be found</title><link rel="preload" href="/_next/static/chunks/412b7dee.11f4ec51.chunk.css" as="style"/><link rel="stylesheet" href="/_next/static/chunks/412b7dee.11f4ec51.chunk.css" data-n-g=""/><link rel="preload" href="/_next/static/chunks/styles.e2bb0603.chunk.css" as="style"/><link rel="stylesheet" href="/_next/static/chunks/styles.e2bb0603.chunk.css" data-n-g=""/><noscript data-n-css="true"></noscript><link rel="preload" href="/_next/static/chunks/main-127f4130b2ee8251cb07.js" as="script"/><link rel="preload" href="/_next/static/chunks/webpack-248a2eecd85f348c85bf.js" as="script"/><link rel="preload" href="/_next/static/chunks/framework.9707fddd9ae5927c17c3.js" as="script"/><link rel="preload" href="/_next/static/chunks/412b7dee.7b37a38a8911fc5fb44b.js" as="script"/><link rel="preload" href="/_next/static/chunks/commons.8dd95e2c8a426fce4243.js" as="script"/><link rel="preload" href="/_next/static/chunks/f86b6e29883aa668a624259c19aba9c4b16c8858.45364f83391b4c7c6cfc.js" as="script"/><link rel="preload" href="/_next/static/chunks/680059dc96e4c38580eb8670aeeedd940b19f861.f79e512e2fc010cbc361.js" as="script"/><link rel="preload" href="/_next/static/chunks/styles.b589c95bae47a4b56802.js" as="script"/><link rel="preload" href="/_next/static/chunks/pages/_app-37737f2090c5b0225f19.js" as="script"/><link rel="preload" href="/_next/static/chunks/pages/_error-fcf263e27259671dfb6d.js" as="script"/></head><body><div id="__next"><div style="color:#000;background:#fff;font-family:-apple-system, BlinkMacSystemFont, Roboto, &quot;Segoe UI&quot;, &quot;Fira Sans&quot;, Avenir, &quot;Helvetica Neue&quot;, &quot;Lucida Grande&quot;, sans-serif;height:100vh;text-align:center;display:flex;flex-direction:column;align-items:center;justify-content:center"><div><style>body { margin: 0 }</style><h1 style="display:inline-block;border-right:1px solid rgba(0, 0, 0,.3);margin:0;margin-right:20px;padding:10px 23px 10px 0;font-size:24px;font-weight:500;vertical-align:top">404</h1><div style="display:inline-block;text-align:left;line-height:49px;height:49px;vertical-align:middle"><h2 style="font-size:14px;font-weight:normal;line-height:inherit;margin:0;padding:0">This page could not be found<!-- -->.</h2></div></div></div></div><script id="__NEXT_DATA__" type="application/json">{"props":{"pageProps":{"statusCode":404}},"page":"/_error","query":{},"buildId":"A4W2e_gd6IfbDVjxfbNGN","nextExport":true,"isFallback":false,"gip":true,"head":[["meta",{"name":"viewport","content":"width=device-width"}],["meta",{"charSet":"utf-8"}],["title",{"children":"404: This page could not be found"}]]}</script><script nomodule="" src="/_next/static/chunks/polyfills-1509bd3fd78666178104.js"></script><script src="/_next/static/chunks/main-127f4130b2ee8251cb07.js" async=""></script><script src="/_next/static/chunks/webpack-248a2eecd85f348c85bf.js" async=""></script><script src="/_next/static/chunks/framework.9707fddd9ae5927c17c3.js" async=""></script><script src="/_next/static/chunks/412b7dee.7b37a38a8911fc5fb44b.js" async=""></script><script src="/_next/static/chunks/commons.8dd95e2c8a426fce4243.js" async=""></script><script src="/_next/static/chunks/f86b6e29883aa668a624259c19aba9c4b16c8858.45364f83391b4c7c6cfc.js" async=""></script><script src="/_next/static/chunks/680059dc96e4c38580eb8670aeeedd940b19f861.f79e512e2fc010cbc361.js" async=""></script><script src="/_next/static/chunks/styles.b589c95bae47a4b56802.js" async=""></script><script src="/_next/static/chunks/pages/_app-37737f2090c5b0225f19.js" async=""></script><script src="/_next/static/chunks/pages/_error-fcf263e27259671dfb6d.js" async=""></script><script src="/_next/static/A4W2e_gd6IfbDVjxfbNGN/_buildManifest.js" async=""></script><script src="/_next/static/A4W2e_gd6IfbDVjxfbNGN/_ssgManifest.js" async=""></script></body></html>
	at stack.CheckTitle2.titleCheck(CheckTitle2.java:17)
Caused by: org.openqa.selenium.json.JsonException: 
Unable to determine type from: <. Last 1 characters read: <
Build info: version: '4.6.0', revision: '79f1c02ae20'
System info: os.name: 'Windows 11', os.arch: 'amd64', os.version: '10.0', java.version: '17.0.2'
Driver info: driver.version: RemoteWebDriver
	at stack.CheckTitle2.titleCheck(CheckTitle2.java:17)

stack.CheckTitle2.titleCheck  Time elapsed: 0.195 s  <<< FAILURE!
org.openqa.selenium.SessionNotCreatedException: 
Could not start a new session. Unable to parse remote response: <!DOCTYPE html><html><head><meta name="viewport" content="width=device-width"/><meta charSet="utf-8"/><title>404: This page could not be found</title><link rel="preload" href="/_next/static/chunks/412b7dee.11f4ec51.chunk.css" as="style"/><link rel="stylesheet" href="/_next/static/chunks/412b7dee.11f4ec51.chunk.css" data-n-g=""/><link rel="preload" href="/_next/static/chunks/styles.e2bb0603.chunk.css" as="style"/><link rel="stylesheet" href="/_next/static/chunks/styles.e2bb0603.chunk.css" data-n-g=""/><noscript data-n-css="true"></noscript><link rel="preload" href="/_next/static/chunks/main-127f4130b2ee8251cb07.js" as="script"/><link rel="preload" href="/_next/static/chunks/webpack-248a2eecd85f348c85bf.js" as="script"/><link rel="preload" href="/_next/static/chunks/framework.9707fddd9ae5927c17c3.js" as="script"/><link rel="preload" href="/_next/static/chunks/412b7dee.7b37a38a8911fc5fb44b.js" as="script"/><link rel="preload" href="/_next/static/chunks/commons.8dd95e2c8a426fce4243.js" as="script"/><link rel="preload" href="/_next/static/chunks/f86b6e29883aa668a624259c19aba9c4b16c8858.45364f83391b4c7c6cfc.js" as="script"/><link rel="preload" href="/_next/static/chunks/680059dc96e4c38580eb8670aeeedd940b19f861.f79e512e2fc010cbc361.js" as="script"/><link rel="preload" href="/_next/static/chunks/styles.b589c95bae47a4b56802.js" as="script"/><link rel="preload" href="/_next/static/chunks/pages/_app-37737f2090c5b0225f19.js" as="script"/><link rel="preload" href="/_next/static/chunks/pages/_error-fcf263e27259671dfb6d.js" as="script"/></head><body><div id="__next"><div style="color:#000;background:#fff;font-family:-apple-system, BlinkMacSystemFont, Roboto, &quot;Segoe UI&quot;, &quot;Fira Sans&quot;, Avenir, &quot;Helvetica Neue&quot;, &quot;Lucida Grande&quot;, sans-serif;height:100vh;text-align:center;display:flex;flex-direction:column;align-items:center;justify-content:center"><div><style>body { margin: 0 }</style><h1 style="display:inline-block;border-right:1px solid rgba(0, 0, 0,.3);margin:0;margin-right:20px;padding:10px 23px 10px 0;font-size:24px;font-weight:500;vertical-align:top">404</h1><div style="display:inline-block;text-align:left;line-height:49px;height:49px;vertical-align:middle"><h2 style="font-size:14px;font-weight:normal;line-height:inherit;margin:0;padding:0">This page could not be found<!-- -->.</h2></div></div></div></div><script id="__NEXT_DATA__" type="application/json">{"props":{"pageProps":{"statusCode":404}},"page":"/_error","query":{},"buildId":"A4W2e_gd6IfbDVjxfbNGN","nextExport":true,"isFallback":false,"gip":true,"head":[["meta",{"name":"viewport","content":"width=device-width"}],["meta",{"charSet":"utf-8"}],["title",{"children":"404: This page could not be found"}]]}</script><script nomodule="" src="/_next/static/chunks/polyfills-1509bd3fd78666178104.js"></script><script src="/_next/static/chunks/main-127f4130b2ee8251cb07.js" async=""></script><script src="/_next/static/chunks/webpack-248a2eecd85f348c85bf.js" async=""></script><script src="/_next/static/chunks/framework.9707fddd9ae5927c17c3.js" async=""></script><script src="/_next/static/chunks/412b7dee.7b37a38a8911fc5fb44b.js" async=""></script><script src="/_next/static/chunks/commons.8dd95e2c8a426fce4243.js" async=""></script><script src="/_next/static/chunks/f86b6e29883aa668a624259c19aba9c4b16c8858.45364f83391b4c7c6cfc.js" async=""></script><script src="/_next/static/chunks/680059dc96e4c38580eb8670aeeedd940b19f861.f79e512e2fc010cbc361.js" async=""></script><script src="/_next/static/chunks/styles.b589c95bae47a4b56802.js" async=""></script><script src="/_next/static/chunks/pages/_app-37737f2090c5b0225f19.js" async=""></script><script src="/_next/static/chunks/pages/_error-fcf263e27259671dfb6d.js" async=""></script><script src="/_next/static/A4W2e_gd6IfbDVjxfbNGN/_buildManifest.js" async=""></script><script src="/_next/static/A4W2e_gd6IfbDVjxfbNGN/_ssgManifest.js" async=""></script></body></html> 
Host info: host: 'LAPTOP-E8M4K11U', ip: '192.168.0.105'
	at stack.CheckTitle2.titleCheck(CheckTitle2.java:17)
Caused by: org.openqa.selenium.json.JsonException: Unable to parse: <!DOCTYPE html><html><head><meta name="viewport" content="width=device-width"/><meta charSet="utf-8"/><title>404: This page could not be found</title><link rel="preload" href="/_next/static/chunks/412b7dee.11f4ec51.chunk.css" as="style"/><link rel="stylesheet" href="/_next/static/chunks/412b7dee.11f4ec51.chunk.css" data-n-g=""/><link rel="preload" href="/_next/static/chunks/styles.e2bb0603.chunk.css" as="style"/><link rel="stylesheet" href="/_next/static/chunks/styles.e2bb0603.chunk.css" data-n-g=""/><noscript data-n-css="true"></noscript><link rel="preload" href="/_next/static/chunks/main-127f4130b2ee8251cb07.js" as="script"/><link rel="preload" href="/_next/static/chunks/webpack-248a2eecd85f348c85bf.js" as="script"/><link rel="preload" href="/_next/static/chunks/framework.9707fddd9ae5927c17c3.js" as="script"/><link rel="preload" href="/_next/static/chunks/412b7dee.7b37a38a8911fc5fb44b.js" as="script"/><link rel="preload" href="/_next/static/chunks/commons.8dd95e2c8a426fce4243.js" as="script"/><link rel="preload" href="/_next/static/chunks/f86b6e29883aa668a624259c19aba9c4b16c8858.45364f83391b4c7c6cfc.js" as="script"/><link rel="preload" href="/_next/static/chunks/680059dc96e4c38580eb8670aeeedd940b19f861.f79e512e2fc010cbc361.js" as="script"/><link rel="preload" href="/_next/static/chunks/styles.b589c95bae47a4b56802.js" as="script"/><link rel="preload" href="/_next/static/chunks/pages/_app-37737f2090c5b0225f19.js" as="script"/><link rel="preload" href="/_next/static/chunks/pages/_error-fcf263e27259671dfb6d.js" as="script"/></head><body><div id="__next"><div style="color:#000;background:#fff;font-family:-apple-system, BlinkMacSystemFont, Roboto, &quot;Segoe UI&quot;, &quot;Fira Sans&quot;, Avenir, &quot;Helvetica Neue&quot;, &quot;Lucida Grande&quot;, sans-serif;height:100vh;text-align:center;display:flex;flex-direction:column;align-items:center;justify-content:center"><div><style>body { margin: 0 }</style><h1 style="display:inline-block;border-right:1px solid rgba(0, 0, 0,.3);margin:0;margin-right:20px;padding:10px 23px 10px 0;font-size:24px;font-weight:500;vertical-align:top">404</h1><div style="display:inline-block;text-align:left;line-height:49px;height:49px;vertical-align:middle"><h2 style="font-size:14px;font-weight:normal;line-height:inherit;margin:0;padding:0">This page could not be found<!-- -->.</h2></div></div></div></div><script id="__NEXT_DATA__" type="application/json">{"props":{"pageProps":{"statusCode":404}},"page":"/_error","query":{},"buildId":"A4W2e_gd6IfbDVjxfbNGN","nextExport":true,"isFallback":false,"gip":true,"head":[["meta",{"name":"viewport","content":"width=device-width"}],["meta",{"charSet":"utf-8"}],["title",{"children":"404: This page could not be found"}]]}</script><script nomodule="" src="/_next/static/chunks/polyfills-1509bd3fd78666178104.js"></script><script src="/_next/static/chunks/main-127f4130b2ee8251cb07.js" async=""></script><script src="/_next/static/chunks/webpack-248a2eecd85f348c85bf.js" async=""></script><script src="/_next/static/chunks/framework.9707fddd9ae5927c17c3.js" async=""></script><script src="/_next/static/chunks/412b7dee.7b37a38a8911fc5fb44b.js" async=""></script><script src="/_next/static/chunks/commons.8dd95e2c8a426fce4243.js" async=""></script><script src="/_next/static/chunks/f86b6e29883aa668a624259c19aba9c4b16c8858.45364f83391b4c7c6cfc.js" async=""></script><script src="/_next/static/chunks/680059dc96e4c38580eb8670aeeedd940b19f861.f79e512e2fc010cbc361.js" async=""></script><script src="/_next/static/chunks/styles.b589c95bae47a4b56802.js" async=""></script><script src="/_next/static/chunks/pages/_app-37737f2090c5b0225f19.js" async=""></script><script src="/_next/static/chunks/pages/_error-fcf263e27259671dfb6d.js" async=""></script><script src="/_next/static/A4W2e_gd6IfbDVjxfbNGN/_buildManifest.js" async=""></script><script src="/_next/static/A4W2e_gd6IfbDVjxfbNGN/_ssgManifest.js" async=""></script></body></html>
	at stack.CheckTitle2.titleCheck(CheckTitle2.java:17)
Caused by: org.openqa.selenium.json.JsonException: 
Unable to determine type from: <. Last 1 characters read: <
Build info: version: '4.6.0', revision: '79f1c02ae20'
System info: os.name: 'Windows 11', os.arch: 'amd64', os.version: '10.0', java.version: '17.0.2'
Driver info: driver.version: RemoteWebDriver
	at stack.CheckTitle2.titleCheck(CheckTitle2.java:17)

