<?xml version="1.0" encoding="UTF-8"?>
<testng-results ignored="0" total="1" passed="1" failed="0" skipped="0">
  <reporter-output>
  </reporter-output>
  <suite started-at="2022-08-09T23:05:25 IST" name="Default suite" finished-at="2022-08-09T23:05:31 IST" duration-ms="5794">
    <groups>
    </groups>
    <test started-at="2022-08-09T23:05:25 IST" name="Default test" finished-at="2022-08-09T23:05:31 IST" duration-ms="5794">
      <class name="Mavenproj.javaproj.extentreports">
        <test-method is-config="true" signature="extentdemo()[pri:0, instance:Mavenproj.javaproj.extentreports@38cee291]" started-at="2022-08-09T23:05:25 IST" name="extentdemo" finished-at="2022-08-09T23:05:26 IST" duration-ms="536" status="PASS">
          <reporter-output>
          </reporter-output>
        </test-method> <!-- extentdemo -->
        <test-method signature="demo()[pri:0, instance:Mavenproj.javaproj.extentreports@38cee291]" started-at="2022-08-09T23:05:26 IST" name="demo" finished-at="2022-08-09T23:05:31 IST" duration-ms="5215" status="PASS">
          <reporter-output>
          </reporter-output>
        </test-method> <!-- demo -->
      </class> <!-- Mavenproj.javaproj.extentreports -->
    </test> <!-- Default test -->
  </suite> <!-- Default suite -->
</testng-results>
