<?xml version="1.0" encoding="UTF-8"?>
<testng-results ignored="0" total="1" passed="1" failed="0" skipped="0">
  <reporter-output>
  </reporter-output>
  <suite started-at="2022-08-24T01:24:14 IST" name="Default suite" finished-at="2022-08-24T01:24:21 IST" duration-ms="6256">
    <groups>
    </groups>
    <test started-at="2022-08-24T01:24:14 IST" name="Default test" finished-at="2022-08-24T01:24:21 IST" duration-ms="6256">
      <class name="TestCases.RediifLogin">
        <test-method signature="Login()[pri:0, instance:TestCases.RediifLogin@e1de817]" started-at="2022-08-24T01:24:14 IST" name="Login" finished-at="2022-08-24T01:24:21 IST" duration-ms="6187" status="PASS">
          <reporter-output>
          </reporter-output>
        </test-method> <!-- Login -->
      </class> <!-- TestCases.RediifLogin -->
    </test> <!-- Default test -->
  </suite> <!-- Default suite -->
</testng-results>
