<?xml version="1.0" encoding="UTF-8"?>
<testng-results ignored="0" total="1" passed="1" failed="0" skipped="0">
  <reporter-output>
  </reporter-output>
  <suite started-at="2022-08-28T13:11:21 IST" name="Surefire suite" finished-at="2022-08-28T13:11:25 IST" duration-ms="3741">
    <groups>
    </groups>
    <test started-at="2022-08-28T13:11:21 IST" name="Surefire test" finished-at="2022-08-28T13:11:25 IST" duration-ms="3741">
      <class name="mavenproj.NavpageTest">
        <test-method signature="NavpageavailableTest()[pri:0, instance:mavenproj.NavpageTest@691a7f8f]" started-at="2022-08-28T13:11:21 IST" name="NavpageavailableTest" finished-at="2022-08-28T13:11:25 IST" duration-ms="3700" status="PASS">
          <reporter-output>
          </reporter-output>
        </test-method> <!-- NavpageavailableTest -->
      </class> <!-- mavenproj.NavpageTest -->
    </test> <!-- Surefire test -->
  </suite> <!-- Surefire suite -->
</testng-results>
