<?xml version="1.0" encoding="UTF-8"?>
<testng-results ignored="0" total="2" passed="2" failed="0" skipped="0">
  <reporter-output>
  </reporter-output>
  <suite started-at="2022-07-26T18:48:27 IST" name="Default suite" finished-at="2022-07-26T18:48:27 IST" duration-ms="72">
    <groups>
    </groups>
    <test started-at="2022-07-26T18:48:27 IST" name="Default test" finished-at="2022-07-26T18:48:27 IST" duration-ms="72">
      <class name="Straminjava">
        <test-method signature="StreamCollect()[pri:0, instance:Straminjava@7bd4937b]" started-at="2022-07-26T18:48:27 IST" name="StreamCollect" finished-at="2022-07-26T18:48:27 IST" duration-ms="13" status="PASS">
          <reporter-output>
          </reporter-output>
        </test-method> <!-- StreamCollect -->
        <test-method signature="Streamtest()[pri:0, instance:Straminjava@7bd4937b]" started-at="2022-07-26T18:48:27 IST" name="Streamtest" finished-at="2022-07-26T18:48:27 IST" duration-ms="11" status="PASS">
          <reporter-output>
          </reporter-output>
        </test-method> <!-- Streamtest -->
      </class> <!-- Straminjava -->
    </test> <!-- Default test -->
  </suite> <!-- Default suite -->
</testng-results>
