<?xml version="1.0" encoding="UTF-8"?>
<!-- Generated by org.testng.reporters.JUnitXMLReporter -->
<testsuite ignored="4" hostname="LAPTOP-E8M4K11U" failures="3" tests="5" name="Command line test" time="5.902" errors="0" timestamp="2022-10-19T15:15:34 IST">
  <testcase classname="Frameworkproj.Tests.ErrorMessegeValidationTest" name="Login" time="0.006">
    <failure type="java.lang.NullPointerException" message="Cannot invoke &amp;quot;Frameworkproj.PageObject.LandingPage.Login(String, String)&amp;quot; because &amp;quot;this.landingPage&amp;quot; is null">
      <![CDATA[java.lang.NullPointerException: Cannot invoke "Frameworkproj.PageObject.LandingPage.Login(String, String)" because "this.landingPage" is null
at Frameworkproj.Tests.ErrorMessegeValidationTest.Login(ErrorMessegeValidationTest.java:25)
at java.base/java.util.ArrayList.forEach(ArrayList.java:1511)
... Removed 33 stack frames]]>
    </failure>
  </testcase> <!-- Login -->
  <testcase classname="Frameworkproj.Tests.ErrorMessegeValidationTest" name="LoginCheck" time="0.0">
    <skipped/>
  </testcase> <!-- LoginCheck -->
  <testcase classname="Frameworkproj.Tests.ErrorMessegeValidationTest" name="LoginCheck" time="0.0">
    <failure type="java.lang.NullPointerException" message="Cannot invoke &amp;quot;Frameworkproj.PageObject.LandingPage.Login(String, String)&amp;quot; because &amp;quot;this.landingPage&amp;quot; is null">
      <![CDATA[java.lang.NullPointerException: Cannot invoke "Frameworkproj.PageObject.LandingPage.Login(String, String)" because "this.landingPage" is null
at Frameworkproj.Tests.ErrorMessegeValidationTest.LoginCheck(ErrorMessegeValidationTest.java:17)
at java.base/java.util.ArrayList.forEach(ArrayList.java:1511)
... Removed 33 stack frames]]>
    </failure>
  </testcase> <!-- LoginCheck -->
  <testcase classname="Frameworkproj.Tests.Wbtstwithframe3Test" name="submitOrder" time="0.0">
    <failure type="java.lang.NullPointerException" message="Cannot invoke &amp;quot;Frameworkproj.PageObject.LandingPage.Login(String, String)&amp;quot; because &amp;quot;this.landingPage&amp;quot; is null">
      <![CDATA[java.lang.NullPointerException: Cannot invoke "Frameworkproj.PageObject.LandingPage.Login(String, String)" because "this.landingPage" is null
at Frameworkproj.Tests.Wbtstwithframe3Test.submitOrder(Wbtstwithframe3Test.java:27)
at java.base/java.util.ArrayList.forEach(ArrayList.java:1511)
... Removed 33 stack frames]]>
    </failure>
  </testcase> <!-- submitOrder -->
  <testcase classname="Frameworkproj.Tests.Wbtstwithframe3Test" name="HistoryOfOrders" time="0.0">
    <skipped/>
  </testcase> <!-- HistoryOfOrders -->
  <testcase classname="Frameworkproj.Maintest.BaseTest" name="@BeforeTest loginPage" time="0.0">
    <ignored/>
  </testcase> <!-- @BeforeTest loginPage -->
  <testcase classname="Frameworkproj.Maintest.BaseTest" name="@BeforeTest loginPage" time="0.0">
    <ignored/>
  </testcase> <!-- @BeforeTest loginPage -->
  <testcase classname="Frameworkproj.Maintest.BaseTest" name="@AfterTest exitTest" time="0.0">
    <ignored/>
  </testcase> <!-- @AfterTest exitTest -->
  <testcase classname="Frameworkproj.Maintest.BaseTest" name="@AfterTest exitTest" time="0.0">
    <ignored/>
  </testcase> <!-- @AfterTest exitTest -->
</testsuite> <!-- Command line test -->
