<?xml version="1.0" encoding="UTF-8"?>
<!-- Generated by org.testng.reporters.JUnitXMLReporter -->
<testsuite ignored="0" hostname="LAPTOP-E8M4K11U" failures="1" tests="3" name="ErorMessegeTest" time="12.654" errors="0" timestamp="2022-10-21T01:46:31 IST">
  <testcase classname="Frameworkproj.Tests.ErrorMessegeValidationTest" name="Login" time="2.764"/>
  <testcase classname="Frameworkproj.Tests.ErrorMessegeValidationTest" name="LoginCheck" time="0.355">
    <skipped/>
  </testcase> <!-- LoginCheck -->
  <testcase classname="Frameworkproj.Tests.ErrorMessegeValidationTest" name="LoginCheck" time="0.351">
    <failure type="java.lang.AssertionError" message="expected [Incorrect email or password..] but found [Incorrect email or password.]">
      <![CDATA[java.lang.AssertionError: expected [Incorrect email or password..] but found [Incorrect email or password.]
at Frameworkproj.Tests.ErrorMessegeValidationTest.LoginCheck(ErrorMessegeValidationTest.java:17)
at java.base/java.util.ArrayList.forEach(ArrayList.java:1511)
at java.base/java.util.concurrent.FutureTask.run(FutureTask.java:264)
at java.base/java.util.concurrent.ThreadPoolExecutor.runWorker(ThreadPoolExecutor.java:1136)
at java.base/java.util.concurrent.ThreadPoolExecutor$Worker.run(ThreadPoolExecutor.java:635)
at java.base/java.lang.Thread.run(Thread.java:833)
... Removed 24 stack frames]]>
    </failure>
  </testcase> <!-- LoginCheck -->
</testsuite> <!-- ErorMessegeTest -->
