<?xml version="1.0" encoding="UTF-8"?>
<!-- Generated by org.testng.reporters.JUnitXMLReporter -->
<testsuite ignored="2" hostname="LAPTOP-E8M4K11U" failures="0" tests="0" time="2.323" errors="0" timestamp="2022-10-20T14:56:16 IST">
  <testcase classname="Frameworkproj.Tests.Objdata" name="submitOrder" time="0.0">
    <ignored/>
  </testcase> <!-- submitOrder -->
  <testcase classname="Frameworkproj.Tests.Objdata" name="HistoryOfOrders" time="0.0">
    <ignored/>
  </testcase> <!-- HistoryOfOrders -->
</testsuite>
