<?xml version="1.0" encoding="UTF-8"?>
<!-- Generated by org.testng.reporters.JUnitXMLReporter -->
<testsuite ignored="0" hostname="LAPTOP-E8M4K11U" failures="0" tests="4" name="Test" time="11.659" errors="0" timestamp="2022-08-28T13:17:42 IST">
  <testcase classname="mavenproj.PagetitleValidation" name="TitleTest" time="3.347"/>
  <testcase classname="mavenproj.HomePage" name="HomepageContent" time="2.772"/>
  <testcase classname="mavenproj.HomePage" name="HomepageContent" time="2.665"/>
  <testcase classname="mavenproj.NavpageTest" name="NavpageavailableTest" time="2.827"/>
</testsuite> <!-- Test -->
