<?xml version="1.0" encoding="UTF-8"?>
<!-- Generated by org.testng.reporters.JUnitXMLReporter -->
<testsuite ignored="0" hostname="LAPTOP-E8M4K11U" failures="0" tests="3" name="Surefire test" time="0.088" errors="0" timestamp="2022-08-04T18:42:36 IST">
  <testcase classname="Mavenproj.kiran.appiTest" name="mobile" time="0.01"/>
  <testcase classname="Mavenproj.kiran.restTest" name="api" time="0.0"/>
  <testcase classname="Mavenproj.kiran.sellTest" name="web" time="0.001"/>
</testsuite> <!-- Surefire test -->
