<?xml version="1.0" encoding="UTF-8"?>
<!-- Generated by org.testng.reporters.JUnitXMLReporter -->
<testsuite ignored="1" hostname="LAPTOP-E8M4K11U" failures="0" tests="4" name="Homeloan" time="0.023" errors="0" timestamp="2022-08-01T19:10:21 IST">
  <testcase classname="test.day2" name="Mobilehomeloan" time="0.002"/>
  <testcase classname="test.day2" name="Webhomeloan" time="0.002"/>
  <testcase classname="test.day2" name="Webhomeloan" time="0.001"/>
  <testcase classname="test.day2" name="Webhomeloan" time="0.002"/>
  <testcase classname="test.day2" name="Apihomeloan" time="0.0">
    <ignored/>
  </testcase> <!-- Apihomeloan -->
</testsuite> <!-- Homeloan -->
