<?xml version="1.0" encoding="UTF-8"?>
<!-- Generated by org.testng.reporters.JUnitXMLReporter -->
<testsuite ignored="0" hostname="LAPTOP-E8M4K11U" failures="0" tests="6" name="Loantest" time="0.085" errors="0" timestamp="2022-08-01T01:27:14 IST">
  <testcase classname="test.day1" name="Apitestloan" time="0.012"/>
  <testcase classname="test.day1" name="Mobiletestloan" time="0.002"/>
  <testcase classname="test.day1" name="Webtestloan" time="0.002"/>
  <testcase classname="test.day2" name="Apihomeloan" time="0.002"/>
  <testcase classname="test.day2" name="Mobilehomeloan" time="0.001"/>
  <testcase classname="test.day2" name="Webhomeloan" time="0.002"/>
</testsuite> <!-- Loantest -->
