<?xml version="1.0" encoding="UTF-8"?>
<testng-results ignored="0" total="3" passed="3" failed="0" skipped="0">
  <reporter-output>
  </reporter-output>
  <suite started-at="2022-11-29T17:48:22 IST" name="Default suite" finished-at="2022-11-29T17:48:22 IST" duration-ms="735">
    <groups>
    </groups>
    <test started-at="2022-11-29T17:48:22 IST" name="Default test" finished-at="2022-11-29T17:48:22 IST" duration-ms="735">
      <class name="exceldriver.framework.Datadrive">
        <test-method signature="initializedata(java.lang.String,java.lang.String,java.lang.String)[pri:0, instance:exceldriver.framework.Datadrive@6cd24612]" started-at="2022-11-29T17:48:22 IST" name="initializedata" data-provider="get" finished-at="2022-11-29T17:48:22 IST" duration-ms="7" status="PASS">
          <params>
            <param index="0">
              <value>
                <![CDATA[Kiran]]>
              </value>
            </param>
            <param index="1">
              <value>
                <![CDATA[Anant]]>
              </value>
            </param>
            <param index="2">
              <value>
                <![CDATA[1]]>
              </value>
            </param>
          </params>
          <reporter-output>
          </reporter-output>
        </test-method> <!-- initializedata -->
        <test-method signature="initializedata(java.lang.String,java.lang.String,java.lang.String)[pri:0, instance:exceldriver.framework.Datadrive@6cd24612]" started-at="2022-11-29T17:48:22 IST" name="initializedata" data-provider="get" finished-at="2022-11-29T17:48:22 IST" duration-ms="1" status="PASS">
          <params>
            <param index="0">
              <value>
                <![CDATA[Anant ]]>
              </value>
            </param>
            <param index="1">
              <value>
                <![CDATA[Vithhal ]]>
              </value>
            </param>
            <param index="2">
              <value>
                <![CDATA[2]]>
              </value>
            </param>
          </params>
          <reporter-output>
          </reporter-output>
        </test-method> <!-- initializedata -->
        <test-method signature="initializedata(java.lang.String,java.lang.String,java.lang.String)[pri:0, instance:exceldriver.framework.Datadrive@6cd24612]" started-at="2022-11-29T17:48:22 IST" name="initializedata" data-provider="get" finished-at="2022-11-29T17:48:22 IST" duration-ms="2" status="PASS">
          <params>
            <param index="0">
              <value>
                <![CDATA[Anvi]]>
              </value>
            </param>
            <param index="1">
              <value>
                <![CDATA[Abhijit]]>
              </value>
            </param>
            <param index="2">
              <value>
                <![CDATA[3]]>
              </value>
            </param>
          </params>
          <reporter-output>
          </reporter-output>
        </test-method> <!-- initializedata -->
      </class> <!-- exceldriver.framework.Datadrive -->
    </test> <!-- Default test -->
  </suite> <!-- Default suite -->
</testng-results>
