<?xml version="1.0" encoding="UTF-8"?>
<testng-results ignored="0" total="1" passed="1" failed="0" skipped="0">
  <reporter-output>
  </reporter-output>
  <suite started-at="2022-11-29T14:28:28 IST" name="Surefire suite" finished-at="2022-11-29T14:28:28 IST" duration-ms="71">
    <groups>
    </groups>
    <test started-at="2022-11-29T14:28:28 IST" name="Surefire test" finished-at="2022-11-29T14:28:28 IST" duration-ms="71">
      <class name="exceldriver.framework.AppTest">
        <test-method signature="shouldAnswerWithTrue()" started-at="2022-11-29T14:28:28 IST" name="shouldAnswerWithTrue" finished-at="2022-11-29T14:28:28 IST" duration-ms="6" status="PASS">
          <reporter-output>
          </reporter-output>
        </test-method> <!-- shouldAnswerWithTrue -->
      </class> <!-- exceldriver.framework.AppTest -->
    </test> <!-- Surefire test -->
  </suite> <!-- Surefire suite -->
</testng-results>
