<?xml version="1.0" encoding="UTF-8"?>
<!-- Generated by org.testng.reporters.JUnitXMLReporter -->
<testsuite ignored="0" hostname="LAPTOP-E8M4K11U" failures="0" tests="3" name="Default test" time="0.735" errors="0" timestamp="2022-11-29T17:48:22 IST">
  <testcase classname="exceldriver.framework.Datadrive" name="initializedata" time="0.007"/>
  <testcase classname="exceldriver.framework.Datadrive" name="initializedata" time="0.001"/>
  <testcase classname="exceldriver.framework.Datadrive" name="initializedata" time="0.002"/>
</testsuite> <!-- Default test -->
